# JRE version: OpenJDK Runtime Environment (8.0_152-b06) (build 1.8.0_152-release-1136-b06)
# Java VM: OpenJDK 64-Bit Server VM (25.152-b06 mixed mode windows-amd64 compressed oops)
Heap:
 PSYoungGen      total 478208K, used 132978K [0x00000000e0000000, 0x00000000ffd00000, 0x0000000100000000)
  eden space 438272K, 25% used [0x00000000e0000000,0x00000000e6f17d48,0x00000000fac00000)
  from space 39936K, 48% used [0x00000000fd600000,0x00000000fe8c4b58,0x00000000ffd00000)
  to   space 41472K, 0% used [0x00000000fac00000,0x00000000fac00000,0x00000000fd480000)
 ParOldGen       total 273920K, used 86039K [0x00000000a0000000, 0x00000000b0b80000, 0x00000000e0000000)
  object space 273920K, 31% used [0x00000000a0000000,0x00000000a5405ed8,0x00000000b0b80000)
 Metaspace       used 113899K, capacity 121670K, committed 121984K, reserved 1155072K
  class space    used 14364K, capacity 15895K, committed 16000K, reserved 1048576K
GC Heap History (10 events):
Event: 1815.080 GC heap before
{Heap before GC invocations=32 (full 4):
 PSYoungGen      total 479744K, used 464909K [0x00000000e0000000, 0x00000000ffc80000, 0x0000000100000000)
  eden space 440832K, 100% used [0x00000000e0000000,0x00000000fae80000,0x00000000fae80000)
  from space 38912K, 61% used [0x00000000fae80000,0x00000000fc603410,0x00000000fd480000)
  to   space 37888K, 0% used [0x00000000fd780000,0x00000000fd780000,0x00000000ffc80000)
 ParOldGen       total 273920K, used 66505K [0x00000000a0000000, 0x00000000b0b80000, 0x00000000e0000000)
  object space 273920K, 24% used [0x00000000a0000000,0x00000000a40f2558,0x00000000b0b80000)
 Metaspace       used 112362K, capacity 119518K, committed 119680K, reserved 1153024K
  class space    used 14244K, capacity 15677K, committed 15744K, reserved 1048576K
Event: 1815.101 GC heap after
Heap after GC invocations=32 (full 4):
 PSYoungGen      total 482816K, used 13680K [0x00000000e0000000, 0x00000000fff00000, 0x0000000100000000)
  eden space 444928K, 0% used [0x00000000e0000000,0x00000000e0000000,0x00000000fb280000)
  from space 37888K, 36% used [0x00000000fd780000,0x00000000fe4dc110,0x00000000ffc80000)
  to   space 37888K, 0% used [0x00000000fb280000,0x00000000fb280000,0x00000000fd780000)
 ParOldGen       total 273920K, used 79403K [0x00000000a0000000, 0x00000000b0b80000, 0x00000000e0000000)
  object space 273920K, 28% used [0x00000000a0000000,0x00000000a4d8af08,0x00000000b0b80000)
 Metaspace       used 112362K, capacity 119518K, committed 119680K, reserved 1153024K
  class space    used 14244K, capacity 15677K, committed 15744K, reserved 1048576K
}
Event: 1835.463 GC heap before
{Heap before GC invocations=33 (full 4):
 PSYoungGen      total 482816K, used 458608K [0x00000000e0000000, 0x00000000fff00000, 0x0000000100000000)
  eden space 444928K, 100% used [0x00000000e0000000,0x00000000fb280000,0x00000000fb280000)
  from space 37888K, 36% used [0x00000000fd780000,0x00000000fe4dc110,0x00000000ffc80000)
  to   space 37888K, 0% used [0x00000000fb280000,0x00000000fb280000,0x00000000fd780000)
 ParOldGen       total 273920K, used 79403K [0x00000000a0000000, 0x00000000b0b80000, 0x00000000e0000000)
  object space 273920K, 28% used [0x00000000a0000000,0x00000000a4d8af08,0x00000000b0b80000)
 Metaspace       used 112827K, capacity 120058K, committed 120192K, reserved 1153024K
  class space    used 14248K, capacity 15681K, committed 15744K, reserved 1048576K
Event: 1835.502 GC heap after
Heap after GC invocations=33 (full 4):
 PSYoungGen      total 482816K, used 37879K [0x00000000e0000000, 0x0000000100000000, 0x0000000100000000)
  eden space 444928K, 0% used [0x00000000e0000000,0x00000000e0000000,0x00000000fb280000)
  from space 37888K, 99% used [0x00000000fb280000,0x00000000fd77de60,0x00000000fd780000)
  to   space 41472K, 0% used [0x00000000fd780000,0x00000000fd780000,0x0000000100000000)
 ParOldGen       total 273920K, used 83686K [0x00000000a0000000, 0x00000000b0b80000, 0x00000000e0000000)
  object space 273920K, 30% used [0x00000000a0000000,0x00000000a51b9958,0x00000000b0b80000)
 Metaspace       used 112827K, capacity 120058K, committed 120192K, reserved 1153024K
  class space    used 14248K, capacity 15681K, committed 15744K, reserved 1048576K
}
Event: 1837.356 GC heap before
{Heap before GC invocations=34 (full 4):
 PSYoungGen      total 482816K, used 482245K [0x00000000e0000000, 0x0000000100000000, 0x0000000100000000)
  eden space 444928K, 99% used [0x00000000e0000000,0x00000000fb1f3700,0x00000000fb280000)
  from space 37888K, 99% used [0x00000000fb280000,0x00000000fd77de60,0x00000000fd780000)
  to   space 41472K, 0% used [0x00000000fd780000,0x00000000fd780000,0x0000000100000000)
 ParOldGen       total 273920K, used 83686K [0x00000000a0000000, 0x00000000b0b80000, 0x00000000e0000000)
  object space 273920K, 30% used [0x00000000a0000000,0x00000000a51b9958,0x00000000b0b80000)
 Metaspace       used 112959K, capacity 120168K, committed 120448K, reserved 1155072K
  class space    used 14250K, capacity 15686K, committed 15744K, reserved 1048576K
Event: 1837.369 GC heap after
Heap after GC invocations=34 (full 4):
 PSYoungGen      total 479744K, used 17330K [0x00000000e0000000, 0x0000000100000000, 0x0000000100000000)
  eden space 438272K, 0% used [0x00000000e0000000,0x00000000e0000000,0x00000000fac00000)
  from space 41472K, 41% used [0x00000000fd780000,0x00000000fe86cbc0,0x0000000100000000)
  to   space 43008K, 0% used [0x00000000fac00000,0x00000000fac00000,0x00000000fd600000)
 ParOldGen       total 273920K, used 86023K [0x00000000a0000000, 0x00000000b0b80000, 0x00000000e0000000)
  object space 273920K, 31% used [0x00000000a0000000,0x00000000a5401ed8,0x00000000b0b80000)
 Metaspace       used 112959K, capacity 120168K, committed 120448K, reserved 1155072K
  class space    used 14250K, capacity 15686K, committed 15744K, reserved 1048576K
}
Event: 2495.692 GC heap before
{Heap before GC invocations=35 (full 4):
 PSYoungGen      total 479744K, used 455255K [0x00000000e0000000, 0x0000000100000000, 0x0000000100000000)
  eden space 438272K, 99% used [0x00000000e0000000,0x00000000faba9058,0x00000000fac00000)
  from space 41472K, 41% used [0x00000000fd780000,0x00000000fe86cbc0,0x0000000100000000)
  to   space 43008K, 0% used [0x00000000fac00000,0x00000000fac00000,0x00000000fd600000)
 ParOldGen       total 273920K, used 86023K [0x00000000a0000000, 0x00000000b0b80000, 0x00000000e0000000)
  object space 273920K, 31% used [0x00000000a0000000,0x00000000a5401ed8,0x00000000b0b80000)
 Metaspace       used 113412K, capacity 121220K, committed 121344K, reserved 1155072K
  class space    used 14322K, capacity 15818K, committed 15872K, reserved 1048576K
Event: 2495.706 GC heap after
Heap after GC invocations=35 (full 4):
 PSYoungGen      total 481280K, used 11104K [0x00000000e0000000, 0x0000000100000000, 0x0000000100000000)
  eden space 438272K, 0% used [0x00000000e0000000,0x00000000e0000000,0x00000000fac00000)
  from space 43008K, 25% used [0x00000000fac00000,0x00000000fb6d82f0,0x00000000fd600000)
  to   space 43008K, 0% used [0x00000000fd600000,0x00000000fd600000,0x0000000100000000)
 ParOldGen       total 273920K, used 86031K [0x00000000a0000000, 0x00000000b0b80000, 0x00000000e0000000)
  object space 273920K, 31% used [0x00000000a0000000,0x00000000a5403ed8,0x00000000b0b80000)
 Metaspace       used 113412K, capacity 121220K, committed 121344K, reserved 1155072K
  class space    used 14322K, capacity 15818K, committed 15872K, reserved 1048576K
}
Event: 2503.500 GC heap before
{Heap before GC invocations=36 (full 4):
 PSYoungGen      total 481280K, used 449325K [0x00000000e0000000, 0x0000000100000000, 0x0000000100000000)
  eden space 438272K, 99% used [0x00000000e0000000,0x00000000fabf3398,0x00000000fac00000)
  from space 43008K, 25% used [0x00000000fac00000,0x00000000fb6d82f0,0x00000000fd600000)
  to   space 43008K, 0% used [0x00000000fd600000,0x00000000fd600000,0x0000000100000000)
 ParOldGen       total 273920K, used 86031K [0x00000000a0000000, 0x00000000b0b80000, 0x00000000e0000000)
  object space 273920K, 31% used [0x00000000a0000000,0x00000000a5403ed8,0x00000000b0b80000)
 Metaspace       used 113888K, capacity 121670K, committed 121984K, reserved 1155072K
  class space    used 14364K, capacity 15895K, committed 16000K, reserved 1048576K
Event: 2503.521 GC heap after
Heap after GC invocations=36 (full 4):
 PSYoungGen      total 478208K, used 19218K [0x00000000e0000000, 0x00000000ffd00000, 0x0000000100000000)
  eden space 438272K, 0% used [0x00000000e0000000,0x00000000e0000000,0x00000000fac00000)
  from space 39936K, 48% used [0x00000000fd600000,0x00000000fe8c4b58,0x00000000ffd00000)
  to   space 41472K, 0% used [0x00000000fac00000,0x00000000fac00000,0x00000000fd480000)
 ParOldGen       total 273920K, used 86039K [0x00000000a0000000, 0x00000000b0b80000, 0x00000000e0000000)
  object space 273920K, 31% used [0x00000000a0000000,0x00000000a5405ed8,0x00000000b0b80000)
 Metaspace       used 113888K, capacity 121670K, committed 121984K, reserved 1155072K
  class space    used 14364K, capacity 15895K, committed 16000K, reserved 1048576K
}

